<?xml version="1.0" encoding="UTF-8"?>
<robot generator="Robot 4.1.3 (Python 3.10.2 on win32)" generated="20220314 05:48:05.266" rpa="false" schemaversion="2">
<suite id="s1" name="TC1" source="C:\Users\acer\PycharmProjects\Automatin\TestCases\TC1.robot">
<test id="s1-t1" name="Login Test">
<kw name="Open Browser" library="Selenium2Library">
<arg>${url}</arg>
<arg>${browser}</arg>
<doc>Opens a new browser instance to the optional ``url``.</doc>
<msg timestamp="20220314 05:48:05.447" level="INFO">Opening browser 'chrome' to base url 'https://api.staging.foodorderingsystem.halcyondigitalhost.com/login'.</msg>
<status status="PASS" starttime="20220314 05:48:05.447" endtime="20220314 05:48:09.588"/>
</kw>
<kw name="Maximize Browser Window" library="Selenium2Library">
<doc>Maximizes current browser window.</doc>
<status status="PASS" starttime="20220314 05:48:09.589" endtime="20220314 05:48:09.726"/>
</kw>
<kw name="Location Should Be" library="Selenium2Library">
<arg>${url}</arg>
<doc>Verifies that the current URL is exactly ``url``.</doc>
<msg timestamp="20220314 05:48:09.735" level="INFO">Current location is 'https://api.staging.foodorderingsystem.halcyondigitalhost.com/login'.</msg>
<status status="PASS" starttime="20220314 05:48:09.726" endtime="20220314 05:48:09.735"/>
</kw>
<kw name="Input Text" library="Selenium2Library">
<arg>id:email</arg>
<arg>${email}</arg>
<doc>Types the given ``text`` into the text field identified by ``locator``.</doc>
<msg timestamp="20220314 05:48:09.736" level="INFO">Typing text 'qa@applicant.com' into text field 'id:email'.</msg>
<status status="PASS" starttime="20220314 05:48:09.736" endtime="20220314 05:48:09.886"/>
</kw>
<kw name="Input Text" library="Selenium2Library">
<arg>id:password</arg>
<arg>${password}</arg>
<doc>Types the given ``text`` into the text field identified by ``locator``.</doc>
<msg timestamp="20220314 05:48:09.889" level="INFO">Typing text 'D4Q8ayaKHmKqDF%X' into text field 'id:password'.</msg>
<status status="PASS" starttime="20220314 05:48:09.888" endtime="20220314 05:48:09.968"/>
</kw>
<kw name="Click Element" library="Selenium2Library">
<arg>xpath:/html/body/div/main/form/div[4]/button</arg>
<doc>Click the element identified by ``locator``.</doc>
<msg timestamp="20220314 05:48:09.968" level="INFO">Clicking element 'xpath:/html/body/div/main/form/div[4]/button'.</msg>
<status status="PASS" starttime="20220314 05:48:09.968" endtime="20220314 05:48:13.404"/>
</kw>
<kw name="Location Should Be" library="Selenium2Library">
<arg>https://api.staging.foodorderingsystem.halcyondigitalhost.com/dashboard</arg>
<doc>Verifies that the current URL is exactly ``url``.</doc>
<msg timestamp="20220314 05:48:13.407" level="INFO">Current location is 'https://api.staging.foodorderingsystem.halcyondigitalhost.com/dashboard'.</msg>
<status status="PASS" starttime="20220314 05:48:13.404" endtime="20220314 05:48:13.407"/>
</kw>
<kw name="Page Should Contain" library="Selenium2Library">
<arg>Daily Sales</arg>
<doc>Verifies that current page contains ``text``.</doc>
<msg timestamp="20220314 05:48:13.418" level="INFO">Current page contains text 'Daily Sales'.</msg>
<status status="PASS" starttime="20220314 05:48:13.408" endtime="20220314 05:48:13.418"/>
</kw>
<kw name="Page Should Contain" library="Selenium2Library">
<arg>Weekly Sales</arg>
<doc>Verifies that current page contains ``text``.</doc>
<msg timestamp="20220314 05:48:13.427" level="INFO">Current page contains text 'Weekly Sales'.</msg>
<status status="PASS" starttime="20220314 05:48:13.418" endtime="20220314 05:48:13.427"/>
</kw>
<kw name="Page Should Contain" library="Selenium2Library">
<arg>Monthly Sales</arg>
<doc>Verifies that current page contains ``text``.</doc>
<msg timestamp="20220314 05:48:13.436" level="INFO">Current page contains text 'Monthly Sales'.</msg>
<status status="PASS" starttime="20220314 05:48:13.427" endtime="20220314 05:48:13.436"/>
</kw>
<kw name="Page Should Contain" library="Selenium2Library">
<arg>Registered Users</arg>
<doc>Verifies that current page contains ``text``.</doc>
<msg timestamp="20220314 05:48:13.447" level="INFO">Current page contains text 'Registered Users'.</msg>
<status status="PASS" starttime="20220314 05:48:13.437" endtime="20220314 05:48:13.447"/>
</kw>
<kw name="Page Should Contain" library="Selenium2Library">
<arg>Pending Orders</arg>
<doc>Verifies that current page contains ``text``.</doc>
<msg timestamp="20220314 05:48:13.457" level="INFO">Current page contains text 'Pending Orders'.</msg>
<status status="PASS" starttime="20220314 05:48:13.447" endtime="20220314 05:48:13.457"/>
</kw>
<kw name="Wait Until Page Contains" library="Selenium2Library">
<arg>Variants</arg>
<doc>Waits until ``text`` appears on the current page.</doc>
<status status="PASS" starttime="20220314 05:48:13.457" endtime="20220314 05:48:13.465"/>
</kw>
<kw name="Click Link" library="Selenium2Library">
<arg>Variants</arg>
<doc>Clicks a link identified by ``locator``.</doc>
<msg timestamp="20220314 05:48:13.466" level="INFO">Clicking link 'Variants'.</msg>
<status status="PASS" starttime="20220314 05:48:13.466" endtime="20220314 05:48:14.504"/>
</kw>
<kw name="Wait Until Page Contains" library="Selenium2Library">
<arg>Variant List</arg>
<doc>Waits until ``text`` appears on the current page.</doc>
<status status="PASS" starttime="20220314 05:48:14.506" endtime="20220314 05:48:14.518"/>
</kw>
<kw name="Click Link" library="Selenium2Library">
<arg>xpath://*[@id="app"]/main/div/div/div/div[1]/div[2]/div/a</arg>
<doc>Clicks a link identified by ``locator``.</doc>
<msg timestamp="20220314 05:48:14.518" level="INFO">Clicking link 'xpath://*[@id="app"]/main/div/div/div/div[1]/div[2]/div/a'.</msg>
<status status="PASS" starttime="20220314 05:48:14.518" endtime="20220314 05:48:15.313"/>
</kw>
<kw name="Wait Until Page Contains" library="Selenium2Library">
<arg>Create Variant</arg>
<doc>Waits until ``text`` appears on the current page.</doc>
<status status="PASS" starttime="20220314 05:48:15.313" endtime="20220314 05:48:15.332"/>
</kw>
<kw name="Input Text" library="Selenium2Library">
<arg>id:title</arg>
<arg>Test Variants_5</arg>
<doc>Types the given ``text`` into the text field identified by ``locator``.</doc>
<msg timestamp="20220314 05:48:15.333" level="INFO">Typing text 'Test Variants_5' into text field 'id:title'.</msg>
<status status="PASS" starttime="20220314 05:48:15.332" endtime="20220314 05:48:15.422"/>
</kw>
<kw name="Select From List By Label" library="Selenium2Library">
<arg>variant_type_id</arg>
<arg>Flavor</arg>
<doc>Selects options from selection list ``locator`` by ``labels``.</doc>
<msg timestamp="20220314 05:48:15.423" level="INFO">Selecting options from selection list 'variant_type_id' by label Flavor.</msg>
<status status="PASS" starttime="20220314 05:48:15.422" endtime="20220314 05:48:15.483"/>
</kw>
<kw name="Input Text" library="Selenium2Library">
<arg>id:description</arg>
<arg>Automated Applicant Test</arg>
<doc>Types the given ``text`` into the text field identified by ``locator``.</doc>
<msg timestamp="20220314 05:48:15.484" level="INFO">Typing text 'Automated Applicant Test' into text field 'id:description'.</msg>
<status status="PASS" starttime="20220314 05:48:15.483" endtime="20220314 05:48:15.575"/>
</kw>
<kw name="Select From List By Label" library="Selenium2Library">
<arg>status</arg>
<arg>Enabled</arg>
<doc>Selects options from selection list ``locator`` by ``labels``.</doc>
<msg timestamp="20220314 05:48:15.575" level="INFO">Selecting options from selection list 'status' by label Enabled.</msg>
<status status="PASS" starttime="20220314 05:48:15.575" endtime="20220314 05:48:15.639"/>
</kw>
<kw name="Click Button" library="Selenium2Library">
<arg>xpath://*[@id="save_and_continue"]</arg>
<doc>Clicks the button identified by ``locator``.</doc>
<msg timestamp="20220314 05:48:15.640" level="INFO">Clicking button 'xpath://*[@id="save_and_continue"]'.</msg>
<status status="PASS" starttime="20220314 05:48:15.639" endtime="20220314 05:48:16.998"/>
</kw>
<kw name="Wait Until Page Contains" library="Selenium2Library">
<arg>Variant successfully created!</arg>
<arg>10s</arg>
<doc>Waits until ``text`` appears on the current page.</doc>
<status status="PASS" starttime="20220314 05:48:16.998" endtime="20220314 05:48:17.014"/>
</kw>
<kw name="Sleep" library="BuiltIn">
<arg>3s</arg>
<doc>Pauses the test executed for the given time.</doc>
<msg timestamp="20220314 05:48:20.029" level="INFO">Slept 3 seconds</msg>
<status status="PASS" starttime="20220314 05:48:17.014" endtime="20220314 05:48:20.029"/>
</kw>
<kw name="Close Browser" library="Selenium2Library">
<doc>Closes the current browser.</doc>
<status status="PASS" starttime="20220314 05:48:20.029" endtime="20220314 05:48:22.388"/>
</kw>
<status status="PASS" starttime="20220314 05:48:05.446" endtime="20220314 05:48:22.388"/>
</test>
<status status="PASS" starttime="20220314 05:48:05.268" endtime="20220314 05:48:22.389"/>
</suite>
<statistics>
<total>
<stat pass="1" fail="0" skip="0">All Tests</stat>
</total>
<tag>
</tag>
<suite>
<stat pass="1" fail="0" skip="0" id="s1" name="TC1">TC1</stat>
</suite>
</statistics>
<errors>
</errors>
</robot>
